#
# There is insufficient memory for the Java Runtime Environment to continue.
# Native memory allocation (mmap) failed to map 134217728 bytes. Error detail: G1 virtual space
# Possible reasons:
#   The system is out of physical RAM or swap space
#   This process is running with CompressedOops enabled, and the Java Heap may be blocking the growth of the native heap
# Possible solutions:
#   Reduce memory load on the system
#   Increase physical memory or swap space
#   Check if swap backing store is full
#   Decrease Java heap size (-Xmx/-Xms)
#   Decrease number of Java threads
#   Decrease Java thread stack sizes (-Xss)
#   Set larger code cache with -XX:ReservedCodeCacheSize=
#   JVM is running with Unscaled Compressed Oops mode in which the Java heap is
#     placed in the first 4GB address space. The Java Heap base address is the
#     maximum limit for the native heap growth. Please use -XX:HeapBaseMinAddress
#     to set the Java Heap base and to place the Java Heap above 4GB virtual address.
# This output file may be truncated or incomplete.
#
#  Out of Memory Error (os_windows.cpp:3898), pid=14944, tid=20248
#
# JRE version:  (21.0.6) (build )
# Java VM: OpenJDK 64-Bit Server VM (21.0.6+-13368085-b895.109, mixed mode, sharing, tiered, compressed oops, compressed class ptrs, g1 gc, windows-amd64)
# No core dump will be written. Minidumps are not enabled by default on client versions of Windows
#

---------------  S U M M A R Y ------------

Command Line: 

Host: Intel(R) Core(TM) i3-10100F CPU @ 3.60GHz, 8 cores, 7G,  Windows 10 , 64 bit Build 19041 (10.0.19041.5794)
Time: Fri May 16 18:42:21 2025 Bangladesh Standard Time elapsed time: 0.045031 seconds (0d 0h 0m 0s)

---------------  T H R E A D  ---------------

Current thread (0x000001ffda70bc50):  JavaThread "Unknown thread" [_thread_in_vm, id=20248, stack(0x0000004af8100000,0x0000004af8200000) (1024K)]

Stack: [0x0000004af8100000,0x0000004af8200000]
Native frames: (J=compiled Java code, j=interpreted, Vv=VM code, C=native code)
V  [jvm.dll+0x6d0639]
V  [jvm.dll+0x85eb03]
V  [jvm.dll+0x86105e]
V  [jvm.dll+0x861743]
V  [jvm.dll+0x27e6e6]
V  [jvm.dll+0x6ccfd5]
V  [jvm.dll+0x6c0a8a]
V  [jvm.dll+0x35537b]
V  [jvm.dll+0x35cfd6]
V  [jvm.dll+0x3aef86]
V  [jvm.dll+0x3af258]
V  [jvm.dll+0x327a2c]
V  [jvm.dll+0x32871b]
V  [jvm.dll+0x826549]
V  [jvm.dll+0x3bc158]
V  [jvm.dll+0x80f7f8]
V  [jvm.dll+0x45035e]
V  [jvm.dll+0x451ac1]
C  [jli.dll+0x52ab]
C  [ucrtbase.dll+0x21bb2]
C  [KERNEL32.DLL+0x17374]
C  [ntdll.dll+0x4cc91]


---------------  P R O C E S S  ---------------

Threads class SMR info:
_java_thread_list=0x00007ffe676d1848, length=0, elements={
}

Java Threads: ( => current thread )
Total: 0

Other Threads:
  0x000001ffdca0f050 WorkerThread "GC Thread#0"                     [id=19552, stack(0x0000004af8200000,0x0000004af8300000) (1024K)]
  0x000001ffdca20740 ConcurrentGCThread "G1 Main Marker"            [id=21812, stack(0x0000004af8300000,0x0000004af8400000) (1024K)]
  0x000001ffdca21a50 WorkerThread "G1 Conc#0"                       [id=10912, stack(0x0000004af8400000,0x0000004af8500000) (1024K)]

[error occurred during error reporting (printing all threads), id 0xc0000005, EXCEPTION_ACCESS_VIOLATION (0xc0000005) at pc=0x00007ffe66ecaa87]
VM state: not at safepoint (not fully initialized)

VM Mutex/Monitor currently owned by a thread:  ([mutex/lock_event])
[0x00007ffe6773e4a0] Heap_lock - owner thread: 0x000001ffda70bc50

Heap address: 0x0000000081000000, size: 2032 MB, Compressed Oops mode: 32-bit

CDS archive(s) mapped at: [0x0000000000000000-0x0000000000000000-0x0000000000000000), size 0, SharedBaseAddress: 0x0000000800000000, ArchiveRelocationMode: 1.
Narrow klass base: 0x0000000000000000, Narrow klass shift: 0, Narrow klass range: 0x0

GC Precious Log:
 CardTable entry size: 512
 Card Set container configuration: InlinePtr #cards 5 size 8 Array Of Cards #cards 12 size 40 Howl #buckets 4 coarsen threshold 1843 Howl Bitmap #cards 512 size 80 coarsen threshold 460 Card regions per heap region 1 cards per card region 2048

Heap:
 garbage-first heap   total 0K, used 0K [0x0000000081000000, 0x0000000100000000)
  region size 1024K, 0 young (0K), 0 survivors (0K)
 Metaspace       used 0K, committed 0K, reserved 0K
  class space    used 0K, committed 0K, reserved 0K

Heap Regions: E=young(eden), S=young(survivor), O=old, HS=humongous(starts), HC=humongous(continues), CS=collection set, F=free, TAMS=top-at-mark-start, PB=parsable bottom

Card table byte_map: [0x000001ffef250000,0x000001ffef650000] _byte_map_base: 0x000001ffeee48000

Marking Bits: (CMBitMap*) 0x000001ffdca0f750
 Bits: [0x000001ffef650000, 0x000001fff1610000)

GC Heap History (0 events):
No events

Dll operation events (1 events):
Event: 0.026 Loaded shared library C:\Program Files\Android\Android Studio\jbr\bin\java.dll

Deoptimization events (0 events):
No events

Classes loaded (0 events):
No events

Classes unloaded (0 events):
No events

Classes redefined (0 events):
No events

Internal exceptions (0 events):
No events

ZGC Phase Switch (0 events):
No events

VM Operations (0 events):
No events

Memory protections (0 events):
No events

Nmethod flushes (0 events):
No events

Events (0 events):
No events


Dynamic libraries:
0x00007ff6851c0000 - 0x00007ff6851ca000 	C:\Program Files\Android\Android Studio\jbr\bin\java.EXE
0x00007ffec6350000 - 0x00007ffec6548000 	C:\WINDOWS\SYSTEM32\ntdll.dll
0x00007ffec4c20000 - 0x00007ffec4ce2000 	C:\WINDOWS\System32\KERNEL32.DLL
0x00007ffec3f30000 - 0x00007ffec4226000 	C:\WINDOWS\System32\KERNELBASE.dll
0x00007ffec4280000 - 0x00007ffec4380000 	C:\WINDOWS\System32\ucrtbase.dll
0x00007ffebe940000 - 0x00007ffebe958000 	C:\Program Files\Android\Android Studio\jbr\bin\jli.dll
0x00007ffebc620000 - 0x00007ffebc63b000 	C:\Program Files\Android\Android Studio\jbr\bin\VCRUNTIME140.dll
0x00007ffec4cf0000 - 0x00007ffec4e8d000 	C:\WINDOWS\System32\USER32.dll
0x00007ffec3de0000 - 0x00007ffec3e02000 	C:\WINDOWS\System32\win32u.dll
0x00007ffec5390000 - 0x00007ffec53bb000 	C:\WINDOWS\System32\GDI32.dll
0x00007ffec39f0000 - 0x00007ffec3b0a000 	C:\WINDOWS\System32\gdi32full.dll
0x00007ffec3e10000 - 0x00007ffec3ead000 	C:\WINDOWS\System32\msvcp_win.dll
0x00007ffeab850000 - 0x00007ffeabaea000 	C:\WINDOWS\WinSxS\amd64_microsoft.windows.common-controls_6595b64144ccf1df_6.0.19041.5794_none_60bcd33171f2783c\COMCTL32.dll
0x00007ffec5260000 - 0x00007ffec52fe000 	C:\WINDOWS\System32\msvcrt.dll
0x00007ffec5620000 - 0x00007ffec564f000 	C:\WINDOWS\System32\IMM32.DLL
0x00007ffebe960000 - 0x00007ffebe96c000 	C:\Program Files\Android\Android Studio\jbr\bin\vcruntime140_1.dll
0x00007ffe88cb0000 - 0x00007ffe88d3d000 	C:\Program Files\Android\Android Studio\jbr\bin\msvcp140.dll
0x00007ffe66b90000 - 0x00007ffe6781b000 	C:\Program Files\Android\Android Studio\jbr\bin\server\jvm.dll
0x00007ffec5010000 - 0x00007ffec50bf000 	C:\WINDOWS\System32\ADVAPI32.dll
0x00007ffec5a70000 - 0x00007ffec5b0f000 	C:\WINDOWS\System32\sechost.dll
0x00007ffec5930000 - 0x00007ffec5a53000 	C:\WINDOWS\System32\RPCRT4.dll
0x00007ffec3d00000 - 0x00007ffec3d27000 	C:\WINDOWS\System32\bcrypt.dll
0x00007ffec5300000 - 0x00007ffec536b000 	C:\WINDOWS\System32\WS2_32.dll
0x00007ffec2f80000 - 0x00007ffec2fcb000 	C:\WINDOWS\SYSTEM32\POWRPROF.dll
0x00007ffebc420000 - 0x00007ffebc42a000 	C:\WINDOWS\SYSTEM32\VERSION.dll
0x00007ffeb38a0000 - 0x00007ffeb38c7000 	C:\WINDOWS\SYSTEM32\WINMM.dll
0x00007ffec2df0000 - 0x00007ffec2e02000 	C:\WINDOWS\SYSTEM32\UMPDC.dll
0x00007ffec2230000 - 0x00007ffec2242000 	C:\WINDOWS\SYSTEM32\kernel.appcore.dll
0x00007ffebe8c0000 - 0x00007ffebe8ca000 	C:\Program Files\Android\Android Studio\jbr\bin\jimage.dll
0x00007ffec1860000 - 0x00007ffec1a44000 	C:\WINDOWS\SYSTEM32\DBGHELP.DLL
0x00007ffea35b0000 - 0x00007ffea35e4000 	C:\WINDOWS\SYSTEM32\dbgcore.DLL
0x00007ffec3b10000 - 0x00007ffec3b92000 	C:\WINDOWS\System32\bcryptPrimitives.dll
0x00007ffebc600000 - 0x00007ffebc620000 	C:\Program Files\Android\Android Studio\jbr\bin\java.dll

dbghelp: loaded successfully - version: 4.0.5 - missing functions: none
symbol engine: initialized successfully - sym options: 0x614 - pdb path: .;C:\Program Files\Android\Android Studio\jbr\bin;C:\WINDOWS\SYSTEM32;C:\WINDOWS\WinSxS\amd64_microsoft.windows.common-controls_6595b64144ccf1df_6.0.19041.5794_none_60bcd33171f2783c;C:\Program Files\Android\Android Studio\jbr\bin\server

VM Arguments:
java_command: <unknown>
java_class_path (initial): <not set>
Launcher Type: SUN_STANDARD

[Global flags]
     intx CICompilerCount                          = 4                                         {product} {ergonomic}
     uint ConcGCThreads                            = 2                                         {product} {ergonomic}
     uint G1ConcRefinementThreads                  = 8                                         {product} {ergonomic}
   size_t G1HeapRegionSize                         = 1048576                                   {product} {ergonomic}
    uintx GCDrainStackTargetSize                   = 64                                        {product} {ergonomic}
   size_t InitialHeapSize                          = 134217728                                 {product} {ergonomic}
   size_t MarkStackSize                            = 4194304                                   {product} {ergonomic}
   size_t MaxHeapSize                              = 2130706432                                {product} {ergonomic}
   size_t MinHeapDeltaBytes                        = 1048576                                   {product} {ergonomic}
   size_t MinHeapSize                              = 8388608                                   {product} {ergonomic}
    uintx NonNMethodCodeHeapSize                   = 5839372                                {pd product} {ergonomic}
    uintx NonProfiledCodeHeapSize                  = 122909434                              {pd product} {ergonomic}
    uintx ProfiledCodeHeapSize                     = 122909434                              {pd product} {ergonomic}
    uintx ReservedCodeCacheSize                    = 251658240                              {pd product} {ergonomic}
     bool SegmentedCodeCache                       = true                                      {product} {ergonomic}
   size_t SoftMaxHeapSize                          = 2130706432                             {manageable} {ergonomic}
     bool UseCompressedOops                        = true                           {product lp64_product} {ergonomic}
     bool UseG1GC                                  = true                                      {product} {ergonomic}
     bool UseLargePagesIndividualAllocation        = false                                  {pd product} {ergonomic}

Logging:
Log output configuration:
 #0: stdout all=warning uptime,level,tags foldmultilines=false
 #1: stderr all=off uptime,level,tags foldmultilines=false

Environment Variables:
PATH=C:\Program Files\Common Files\Oracle\Java\javapath;C:\WINDOWS\system32;C:\WINDOWS;C:\WINDOWS\System32\Wbem;C:\WINDOWS\System32\WindowsPowerShell\v1.0\;C:\WINDOWS\System32\OpenSSH\;C:\Program Files (x86)\NVIDIA Corporation\PhysX\Common;C:\Program Files\NVIDIA Corporation\NVIDIA app\NvDLISR;C:\Program Files\Java\jdk-24\bin;C:\Program Files\nodejs\;C:\Program Files\Git\cmd;C:\Users\Sammi\AppData\Local\Programs\Python\Python313\Scripts\;C:\Users\Sammi\AppData\Local\Programs\Python\Python313\;C:\Users\Sammi\AppData\Local\Microsoft\WindowsApps;C:\Users\Sammi\AppData\Local\Programs\Microsoft VS Code\bin;C:\Users\Sammi\AppData\Roaming\npm;C:\flutter\bin;C:\Program Files\Git\bin;C:\Users\Sammi\Downloads\flutter_windows_3.29.3-stable\flutter\bin;;C:\Users\Sammi\Downloads\flutter_windows_3.29.3-stable\flutter\bin\mingit\cmd
USERNAME=Sammi
OS=Windows_NT
PROCESSOR_IDENTIFIER=Intel64 Family 6 Model 165 Stepping 3, GenuineIntel
TMP=C:\Users\Sammi\AppData\Local\Temp
TEMP=C:\Users\Sammi\AppData\Local\Temp




Periodic native trim disabled

JNI global refs:
JNI global refs: 0, weak refs: 0

JNI global refs memory usage: 0, weak refs: 0

Process memory usage:
Resident Set Size: 10708K (0% of 8316548K total physical memory with 95272K free physical memory)

OOME stack traces (most recent first):
Classloader memory used:

---------------  S Y S T E M  ---------------

OS:
 Windows 10 , 64 bit Build 19041 (10.0.19041.5794)
OS uptime: 2 days 14:07 hours

CPU: total 8 (initial active 8) (4 cores per cpu, 2 threads per core) family 6 model 165 stepping 3 microcode 0xcc, cx8, cmov, fxsr, ht, mmx, 3dnowpref, sse, sse2, sse3, ssse3, sse4.1, sse4.2, popcnt, lzcnt, tsc, tscinvbit, avx, avx2, aes, erms, clmul, bmi1, bmi2, adx, fma, vzeroupper, clflush, clflushopt, rdtscp, f16c
Processor Information for the first 8 processors :
  Max Mhz: 3601, Current Mhz: 3601, Mhz Limit: 3601

Memory: 4k page, system-wide physical 8121M (93M free)
TotalPageFile size 32697M (AvailPageFile size 9M)
current process WorkingSet (physical memory assigned to process): 10M, peak: 10M
current process commit charge ("private bytes"): 60M, peak: 188M

vm_info: OpenJDK 64-Bit Server VM (21.0.6+-13368085-b895.109) for windows-amd64 JRE (21.0.6+-13368085-b895.109), built on 2025-04-16T17:01:31Z by "builder" with MS VC++ 16.10 / 16.11 (VS2019)

END.
